<?xml version="1.0" encoding="UTF-8"?>
<!-- Generated by org.testng.reporters.JUnitReportReporter -->
<testsuite hostname="Kavitha" failures="0" tests="1" name="demo.Validatelogin" time="4.660" errors="0" timestamp="2024-06-14T03:59:20 GMT-09:00" skipped="0">
  <testcase classname="demo.Validatelogin" name="loginButtonPresent" time="4.660"/>
  <system-out/>
</testsuite> <!-- demo.Validatelogin -->
