<?xml version="1.0" encoding="UTF-8"?>
<!-- Generated by org.testng.reporters.JUnitReportReporter -->
<testsuite hostname="Kavitha" failures="0" tests="1" name="demo.HtmlFileDropDown" time="2.548" errors="0" timestamp="2024-06-13T21:23:38 GMT-09:00" skipped="0">
  <testcase classname="demo.HtmlFileDropDown" name="htmlDrop_Down" time="2.548"/>
  <system-out/>
</testsuite> <!-- demo.HtmlFileDropDown -->
