<?xml version="1.0" encoding="UTF-8"?>
<!-- Generated by org.testng.reporters.JUnitReportReporter -->
<testsuite hostname="Kavitha" failures="0" tests="1" name="demo.Test2" time="0.001" errors="0" timestamp="2024-06-12T21:44:14 GMT-09:00" skipped="0">
  <testcase classname="demo.Test2" name="Test3Method" time="0.001"/>
  <system-out/>
</testsuite> <!-- demo.Test2 -->
