<?xml version="1.0" encoding="UTF-8"?>
<!-- Generated by org.testng.reporters.JUnitReportReporter -->
<testsuite hostname="Kavitha" failures="0" tests="1" name="demo.HtmldropdownSorted" time="7.974" errors="0" timestamp="2024-07-03T07:32:17 GMT-09:00" skipped="0">
  <testcase classname="demo.HtmldropdownSorted" name="htmlSort" time="7.974"/>
  <system-out/>
</testsuite> <!-- demo.HtmldropdownSorted -->
