<?xml version="1.0" encoding="UTF-8"?>
<!-- Generated by org.testng.reporters.JUnitReportReporter -->
<testsuite hostname="Kavitha" failures="0" tests="1" name="demo.AmazontitleVerifi" time="39.908" errors="0" timestamp="2024-06-13T19:43:59 GMT-09:00" skipped="0">
  <testcase classname="demo.AmazontitleVerifi" name="validateTitle" time="39.908"/>
  <system-out/>
</testsuite> <!-- demo.AmazontitleVerifi -->
