<?xml version="1.0" encoding="UTF-8"?>
<!-- Generated by org.testng.reporters.JUnitReportReporter -->
<testsuite hostname="Kavitha" failures="0" tests="1" name="demo.AnnotationDemo" time="0.018" errors="0" timestamp="2024-06-13T04:26:18 GMT-09:00" skipped="0">
  <testcase classname="demo.AnnotationDemo" name="test1" time="0.018"/>
  <system-out/>
</testsuite> <!-- demo.AnnotationDemo -->
