<?xml version="1.0" encoding="UTF-8"?>
<!-- Generated by org.testng.reporters.JUnitReportReporter -->
<testsuite hostname="Kavitha" failures="0" tests="1" name="demo.ValidateTitle" time="31.231" errors="0" timestamp="2024-06-13T18:46:18 GMT-09:00" skipped="0">
  <testcase classname="demo.ValidateTitle" name="title" time="31.231"/>
  <system-out/>
</testsuite> <!-- demo.ValidateTitle -->
